   Date_time,             Date,                 X,             Y,              hNew,              thNew,          Temp
      38816.000000,     04/09/2006,          0.0000,        145.0000,     -20000.0000,         -0.0000,          4.9037
      38816.000000,     04/09/2006,          3.2700,        145.0000,     -20000.0000,         -0.0000,          4.9048
      38816.000000,     04/09/2006,          5.3300,        145.0000,     -20000.0000,         -0.0000,          4.9048
      38816.000000,     04/09/2006,          8.2100,        145.0000,     -20000.0000,         -0.0000,          4.9030
      38816.000000,     04/09/2006,         12.2400,        145.0000,     -20000.0000,         -0.0000,          4.9026
      38816.000000,     04/09/2006,         17.8900,        145.0000,     -20000.0000,         -0.0000,          4.9014
      38816.000000,     04/09/2006,         25.8000,        145.0000,     -20000.0000,         -0.0000,          4.8943
      38816.000000,     04/09/2006,         38.1000,        145.0000,     -20000.0000,         -0.0000,          4.8902
      38816.000000,     04/09/2006,          0.0000,        146.6662,     -20000.0000,         -0.0000,          4.6857
      38816.000000,     04/09/2006,          3.2700,        146.6662,     -20006.1204,          0.0000,          4.6871
      38816.000000,     04/09/2006,          5.3300,        146.6662,     -20006.6036,          0.0000,          4.6871
      38816.000000,     04/09/2006,          8.2100,        146.6662,     -20000.0000,         -0.0000,          4.6852
      38816.000000,     04/09/2006,         12.2400,        146.6662,     -20000.0000,         -0.0000,          4.6848
      38816.000000,     04/09/2006,         17.8900,        146.6662,     -20000.0000,         -0.0000,          4.6839
      38816.000000,     04/09/2006,         25.8000,        146.6662,     -20000.0000,         -0.0000,          4.6782
      38816.000000,     04/09/2006,         38.1000,        146.6662,     -20000.0000,         -0.0000,          4.6750
      38816.000000,     04/09/2006,          0.0000,        148.3325,     -20000.0000,         -0.0000,          4.2555
      38816.000000,     04/09/2006,          3.2700,        148.3325,     -20006.1197,         -0.0000,          4.2566
      38816.000000,     04/09/2006,          5.3300,        148.3325,     -20006.6028,         -0.0000,          4.2567
      38816.000000,     04/09/2006,          8.2100,        148.3325,     -20000.0000,         -0.0000,          4.2553
      38816.000000,     04/09/2006,         12.2400,        148.3325,     -20000.0000,         -0.0000,          4.2551
      38816.000000,     04/09/2006,         17.8900,        148.3325,     -20000.0000,         -0.0000,          4.2546
      38816.000000,     04/09/2006,         25.8000,        148.3325,     -20000.0000,         -0.0000,          4.2519
      38816.000000,     04/09/2006,         38.1000,        148.3325,     -20000.0000,         -0.0000,          4.2503
      38816.000000,     04/09/2006,          0.0000,        149.9991,     -20000.0000,         -0.0000,          4.0433
      38816.000000,     04/09/2006,          3.2700,        149.9991,     -20000.0000,         -0.0000,          4.0438
      38816.000000,     04/09/2006,          5.3300,        149.9991,     -20000.0000,         -0.0000,          4.0438
      38816.000000,     04/09/2006,          8.2100,        149.9991,     -20000.0000,         -0.0000,          4.0432
      38816.000000,     04/09/2006,         12.2400,        149.9991,     -20000.0000,         -0.0000,          4.0431
      38816.000000,     04/09/2006,         17.8900,        149.9991,     -20000.0000,         -0.0000,          4.0429
      38816.000000,     04/09/2006,         25.8000,        149.9991,     -20000.0000,         -0.0000,          4.0415
      38816.000000,     04/09/2006,         38.1000,        149.9991,     -20000.0000,         -0.0000,          4.0408
      38816.041667,     04/09/2006,          0.0000,        145.0000,     -20427.6754,         -0.0000,          4.9579
      38816.041667,     04/09/2006,          3.2700,        145.0000,     -20587.4111,          0.0061,          4.7886
      38816.041667,     04/09/2006,          5.3300,        145.0000,     -21167.0567,    -216905.1985,          4.7433
      38816.041667,     04/09/2006,          8.2100,        145.0000,     -20904.4582,    -155066.8137,          4.6177
      38816.041667,     04/09/2006,         12.2400,        145.0000,     -21088.7998,          0.0064,          4.0975
      38816.041667,     04/09/2006,         17.8900,        145.0000,     -20932.9148,****************,          4.3504
      38816.041667,     04/09/2006,         25.8000,        145.0000,     -20669.8228,****************,          4.6157
      38816.041667,     04/09/2006,         38.1000,        145.0000,     -20748.7339,          0.0000,          4.5665
      38816.041667,     04/09/2006,          0.0000,        146.6651,     -20215.2474,         -0.0000,          3.2232
      38816.041667,     04/09/2006,          3.2700,        146.6651,     -20296.4648,          4.4031,          3.6835
      38816.041667,     04/09/2006,          5.3300,        146.6651,     -20586.2072,    -500683.8681,          4.5726
      38816.041667,     04/09/2006,          8.2100,        146.6651,     -20453.1661,****************,          4.5080
      38816.041667,     04/09/2006,         12.2400,        146.6651,     -20546.2622,****************,          3.9456
      38816.041667,     04/09/2006,         17.8900,        146.6651,     -20468.1187,****************,          4.1510
      38816.041667,     04/09/2006,         25.8000,        146.6651,     -20337.6184,****************,          4.5164
      38816.041667,     04/09/2006,         38.1000,        146.6651,     -20378.1775,****************,          4.5144
      38816.041667,     04/09/2006,          0.0000,        148.3305,     -20001.5097,****************,          1.8859
      38816.041667,     04/09/2006,          3.2700,        148.3305,     -20002.8325,****************,          2.6716
      38816.041667,     04/09/2006,          5.3300,        148.3305,     -20002.7233,    -392088.8232,          4.0159
      38816.041667,     04/09/2006,          8.2100,        148.3305,     -20000.9719,****************,          4.0131
      38816.041667,     04/09/2006,         12.2400,        148.3305,     -20001.9039,****************,          3.4964
      38816.041667,     04/09/2006,         17.8900,        148.3305,     -20001.6970,****************,          3.6290
      38816.041667,     04/09/2006,         25.8000,        148.3305,     -20002.7321,****************,          4.0331
      38816.041667,     04/09/2006,         38.1000,        148.3305,     -20003.8382,****************,          4.0796
      38816.041667,     04/09/2006,          0.0000,        149.9969,     -20000.1678,****************,          2.2827
      38816.041667,     04/09/2006,          3.2700,        149.9969,     -20000.1030,****************,          2.7645
      38816.041667,     04/09/2006,          5.3300,        149.9969,     -20000.0000,         -0.0000,          3.6301
      38816.041667,     04/09/2006,          8.2100,        149.9969,     -20000.0000,         -0.0000,          3.6281
      38816.041667,     04/09/2006,         12.2400,        149.9969,     -20000.0000,         -0.0000,          3.1993
      38816.041667,     04/09/2006,         17.8900,        149.9969,     -20000.0000,         -0.0000,          3.3066
      38816.041667,     04/09/2006,         25.8000,        149.9969,     -20000.0000,         -0.0000,          3.6493
      38816.041667,     04/09/2006,         38.1000,        149.9969,     -20000.0000,         -0.0000,          3.6972
      38816.083333,     04/09/2006,          0.0000,        145.0000,     -20000.0000,****************,          4.9789
      38816.083333,     04/09/2006,          3.2700,        145.0000,     -20000.0000,****************,          4.7786
      38816.083333,     04/09/2006,          5.3300,        145.0000,     -20000.0000,****************,          4.3249
      38816.083333,     04/09/2006,          8.2100,        145.0000,     -20000.0000,****************,          3.9818
      38816.083333,     04/09/2006,         12.2400,        145.0000,     -20000.0000,****************,          3.7136
      38816.083333,     04/09/2006,         17.8900,        145.0000,     -20000.0000,****************,          3.7724
