                time                Date            Rainfall       Inifiltration          Runoff@end        WaterStorage       LeftDischarge      RightDischarge
  37712.0000  04/01/2003        0.0000        0.0000        0.0000        0.0000        0.0000        0.0000
  37713.0000  04/02/2003        0.0000        0.0000        0.0000        0.0000        0.0000        0.0000
  37714.0000  04/03/2003        0.0000        0.0000        0.0000        0.0000        0.0000        0.0000
  37715.0000  04/04/2003        0.3715        0.3487        0.0000        0.0000        0.0000        0.0000
  37716.0000  04/05/2003       34.2068       33.1461        0.0000        0.0000        0.0000        0.0000
  37717.0000  04/06/2003        0.0000        0.0000        0.0000        0.0000        0.0000        0.0000
  37718.0000  04/07/2003       41.2430       38.9853        0.0000        0.0000        0.0000        0.0000
  37719.0000  04/08/2003       25.7175       21.0922        0.0000        0.0000        0.0000        0.0000
  37720.0000  04/09/2003        0.0000        0.0000        0.0000        0.0000        0.0000        0.0000
  37721.0000  04/10/2003        0.0000        0.0000        0.0000        0.0000        0.0000        0.0000
  37722.0000  04/11/2003        0.0000        0.0000        0.0000        0.0000        0.0000        0.0000
  37723.0000  04/12/2003        0.0000        0.0000        0.0000        0.0000        0.0000        0.0000
  37724.0000  04/13/2003        0.0000        0.0000        0.0000        0.0000        0.0000        0.0000
  37725.0000  04/14/2003        0.0000        0.0000        0.0000        0.0000        0.0000        0.0000
  37726.0000  04/15/2003        0.0000        0.0000        0.0000        0.0000        0.0000        0.0000
  37727.0000  04/16/2003        0.7999        0.7741        0.0000        0.0000        0.0000        0.0000
  37728.0000  04/17/2003        0.0000        0.0000        0.0000        0.0000        0.0000        0.0000
  37729.0000  04/18/2003        0.0000        0.0000        0.0000        0.0000        0.0000        0.0000
  37730.0000  04/19/2003        2.8575        2.1270        0.0000        0.0000        0.0000        0.0000
  37731.0000  04/20/2003        8.1344        7.5490        0.0000        0.0000        0.0000        0.0000
  37732.0000  04/21/2003        0.0000        0.0000        0.0000        0.0000        0.0000        0.0000
  37733.0000  04/22/2003        0.0000        0.0000        0.0000        0.0000        0.0000        0.0000
  37734.0000  04/23/2003        0.0000        0.0000        0.0000        0.0000        0.0000        0.0000
  37735.0000  04/24/2003       23.8584       23.5431        0.0000        0.0000        0.0000        0.0000
  37736.0000  04/25/2003        2.8575        2.5609        0.0000        0.0000        0.0000        0.0000
  37737.0000  04/26/2003        0.4763        0.4302        0.0000        0.0000        0.0000        0.0000
  37738.0000  04/27/2003        0.0000        0.0000        0.0000        0.0000        0.0000        0.0000
  37739.0000  04/28/2003        0.0000        0.0000        0.0000        0.0000        0.0000        0.0000
  37740.0000  04/29/2003       12.9185       12.7014        0.0000        0.0000        0.0000        0.0000
  37741.0000  04/30/2003       83.2324       82.8632        0.0000        0.0000        0.0000        0.0000
  37742.0000  05/01/2003       14.2875       14.1838        0.0000        0.0000        0.0000        0.0000
  37743.0000  05/02/2003        0.0000        0.0000        0.0000        0.0000        0.0000        0.0000
  37744.0000  05/03/2003        0.0000        0.0000        0.0000        0.0000        0.0000        0.0000
  37745.0000  05/04/2003        0.0000        0.0000        0.0000        0.0000        0.0000        0.0000
  37746.0000  05/05/2003      207.5377      206.6906       11.3294        0.0000        0.0000       11.3294
  37747.0000  05/06/2003       10.9538       10.8818        0.0000        0.0000        0.0000        0.0000
  37748.0000  05/07/2003       30.9563       30.4015        0.0000        0.0000        0.0000        0.0000
  37749.0000  05/08/2003        0.4763        0.4717        0.0000        0.0000        0.0000        0.0000
  37750.0000  05/09/2003       99.1938       96.9745        0.0000        0.0000        0.0000        0.0000
  37751.0000  05/10/2003        0.0000        0.0000        0.0000        0.0000        0.0000        0.0000
  37752.0000  05/11/2003       17.6213       15.6489        0.0000        0.0000        0.0000        0.0000
  37753.0000  05/12/2003        0.0000        0.0000        0.0000        0.0000        0.0000        0.0000
  37754.0000  05/13/2003        0.0000        0.0000        0.0000        0.0000        0.0000        0.0000
  37755.0000  05/14/2003        0.9525        0.6099        0.0000        0.0000        0.0000        0.0000
  37756.0000  05/15/2003        1.9050        0.0000        0.0000        0.0000        0.0000        0.0000
  37757.0000  05/16/2003        0.0000        0.0000        0.0000        0.0000        0.0000        0.0000
  37758.0000  05/17/2003        0.0000        0.0000        0.0000        0.0000        0.0000        0.0000
  37759.0000  05/18/2003        0.0000        0.0000        0.0000        0.0000        0.0000        0.0000
  37760.0000  05/19/2003        0.0000        0.0000        0.0000        0.0000        0.0000        0.0000
  37761.0000  05/20/2003       87.4424       86.2375        0.0000        0.0000        0.0000        0.0000
  37762.0000  05/21/2003        0.0000        0.0000        0.0000        0.0000        0.0000        0.0000
  37763.0000  05/22/2003        0.0000        0.0000        0.0000        0.0000        0.0000        0.0000
  37764.0000  05/23/2003        8.4228        8.2324        0.0000        0.0000        0.0000        0.0000
  37765.0000  05/24/2003        0.0000        0.0000        0.0000        0.0000        0.0000        0.0000
  37766.0000  05/25/2003       14.7823       14.7438        0.0000        0.0000        0.0000        0.0000
  37767.0000  05/26/2003        0.0000        0.0000        0.0000        0.0000        0.0000        0.0000
  37768.0000  05/27/2003        0.0000        0.0000        0.0000        0.0000        0.0000        0.0000
  37769.0000  05/28/2003        0.0000        0.0000        0.0000        0.0000        0.0000        0.0000
  37770.0000  05/29/2003        0.0000        0.0000        0.0000        0.0000        0.0000        0.0000
  37771.0000  05/30/2003        0.0000        0.0000        0.0000        0.0000        0.0000        0.0000
  37772.0000  05/31/2003        0.0000        0.0000        0.0000        0.0000        0.0000        0.0000
  37773.0000  06/01/2003        0.0000        0.0000        0.0000        0.0000        0.0000        0.0000
  37774.0000  06/02/2003       23.5598       23.3018        0.0000        0.0000        0.0000        0.0000
  37775.0000  06/03/2003       30.3530       28.7261        0.0000        0.0000        0.0000        0.0000
  37776.0000  06/04/2003        0.0000        0.0000        0.0000        0.0000        0.0000        0.0000
  37777.0000  06/05/2003        0.0000        0.0000        0.0000        0.0000        0.0000        0.0000
  37778.0000  06/06/2003       22.1473       20.9804        0.0000        0.0000        0.0000        0.0000
  37779.0000  06/07/2003        0.0000        0.0001        0.0000        0.0000        0.0000        0.0000
  37780.0000  06/08/2003       44.2060       43.1435        0.0000        0.0000        0.0000        0.0000
  37781.0000  06/09/2003        0.0000        0.0000        0.0000        0.0000        0.0000        0.0000
  37782.0000  06/10/2003       19.8633       19.5852        0.0000        0.0000        0.0000        0.0000
  37783.0000  06/11/2003        0.4763        0.0289        0.0000        0.0000        0.0000        0.0000
  37784.0000  06/12/2003        0.0000        0.0000        0.0000        0.0000        0.0000        0.0000
  37785.0000  06/13/2003       32.5874       31.0076        0.0000        0.0000        0.0000        0.0000
  37786.0000  06/14/2003        0.0000        0.0001        0.0000        0.0000        0.0000        0.0000
  37787.0000  06/15/2003        0.0000        0.0000        0.0000        0.0000        0.0000        0.0000
  37788.0000  06/16/2003        0.0000        0.0000        0.0000        0.0000        0.0000        0.0000
  37789.0000  06/17/2003        0.0000        0.0000        0.0000        0.0000        0.0000        0.0000
  37790.0000  06/18/2003        0.0000        0.0000        0.0000        0.0000        0.0000        0.0000
  37791.0000  06/19/2003      136.1740      130.0636        5.9112        0.0000        0.0000        5.9112
  37792.0000  06/20/2003       17.1450       14.3582        0.0000        0.0000        0.0000        0.0000
  37793.0000  06/21/2003        0.0000        0.0000        0.0000        0.0000        0.0000        0.0000
  37794.0000  06/22/2003        0.9525        0.4551        0.0000        0.0000        0.0000        0.0000
  37795.0000  06/23/2003       17.6213       17.1007        0.0000        0.0000        0.0000        0.0000
  37796.0000  06/24/2003        0.9525        0.8419        0.0000        0.0000        0.0000        0.0000
  37797.0000  06/25/2003        0.0000        0.0000        0.0000        0.0000        0.0000        0.0000
  37798.0000  06/26/2003        0.0000        0.0000        0.0000        0.0000        0.0000        0.0000
  37799.0000  06/27/2003        0.0000        0.0000        0.0000        0.0000        0.0000        0.0000
  37800.0000  06/28/2003       10.2378       10.0953        0.0000        0.0000        0.0000        0.0000
  37801.0000  06/29/2003        2.7337        2.7229        0.0000        0.0000        0.0000        0.0000
  37802.0000  06/30/2003        0.0000        0.0000        0.0000        0.0000        0.0000        0.0000
  37803.0000  07/01/2003        0.0000        0.0000        0.0000        0.0000        0.0000        0.0000
  37804.0000  07/02/2003        0.0000        0.0000        0.0000        0.0000        0.0000        0.0000
  37805.0000  07/03/2003        0.0000        0.0000        0.0000        0.0000        0.0000        0.0000
  37806.0000  07/04/2003        0.0000        0.0000        0.0000        0.0000        0.0000        0.0000
  37807.0000  07/05/2003      103.6067      103.1576        0.0000        0.0000        0.0000        0.0000
  37808.0000  07/06/2003       79.6066       78.4098        0.0000        1.2952        0.0000        0.0000
  37809.0000  07/07/2003        2.5788        4.1276        0.0000        0.0000        0.0000        0.0000
  37810.0000  07/08/2003        0.0000        0.0000        0.0000        0.0000        0.0000        0.0000
  37811.0000  07/09/2003       17.1450       16.2397        0.0000        0.0000        0.0000        0.0000
  37812.0000  07/10/2003       26.6700       26.6580        0.0000        0.0000        0.0000        0.0000
  37813.0000  07/11/2003        0.0000        0.0004        0.0000        0.0000        0.0000        0.0000
  37814.0000  07/12/2003        0.0000        0.0000        0.0000        0.0000        0.0000        0.0000
  37815.0000  07/13/2003        0.0000        0.0000        0.0000        0.0000        0.0000        0.0000
  37816.0000  07/14/2003      104.8883       96.5909        3.9739        3.6952        0.0000        3.9739
  37817.0000  07/15/2003        3.9972        8.7260        0.5120        0.0000        0.0000        0.5120
  37818.0000  07/16/2003        0.0000        0.0003        0.0000        0.0000        0.0000        0.0000
  37819.0000  07/17/2003        0.0000        0.0000        0.0000        0.0000        0.0000        0.0000
  37820.0000  07/18/2003        0.0000        0.0000        0.0000        0.0000        0.0000        0.0000
  37821.0000  07/19/2003      121.2519      107.5358       16.9765        0.0000        0.0000       16.9765
  37822.0000  07/20/2003        0.0000        0.0007        0.0000        0.0000        0.0000        0.0000
  37823.0000  07/21/2003        0.0000        0.0000        0.0000        0.0000        0.0000        0.0000
  37824.0000  07/22/2003        0.0000        0.0000        0.0000        0.0000        0.0000        0.0000
  37825.0000  07/23/2003      127.5864      122.5907       11.3018        0.0000        0.0000       11.3018
  37826.0000  07/24/2003        0.0000        0.0009        0.0000        0.0000        0.0000        0.0000
  37827.0000  07/25/2003        0.0000        0.0000        0.0000        0.0000        0.0000        0.0000
  37828.0000  07/26/2003        0.0000        0.0000        0.0000        0.0000        0.0000        0.0000
  37829.0000  07/27/2003      121.9752       98.8954       17.5679        3.7374        0.0000       17.5679
  37830.0000  07/28/2003       19.4999       24.7837        1.9871        0.0000        0.0000        1.9871
  37831.0000  07/29/2003        0.0000        0.0005        0.0000        0.0000        0.0000        0.0000
  37832.0000  07/30/2003        0.0000        0.0001        0.0000        0.0000        0.0000        0.0000
  37833.0000  07/31/2003        0.0000        0.0000        0.0000        0.0000        0.0000        0.0000
  37834.0000  08/01/2003      149.0845      137.4270       13.8144        0.0000        0.0000       13.8144
  37835.0000  08/02/2003        0.0000        0.0005        0.0000        0.0000        0.0000        0.0000
  37836.0000  08/03/2003        0.0000        0.0000        0.0000        0.0000        0.0000        0.0000
  37837.0000  08/04/2003        0.0000        0.0000        0.0000        0.0000        0.0000        0.0000
  37838.0000  08/05/2003      128.8644      114.4605       17.8799        0.0000        0.0000       17.8799
  37839.0000  08/06/2003       12.8588       12.6567        0.0000        0.0000        0.0000        0.0000
  37840.0000  08/07/2003        0.0000        0.0002        0.0000        0.0000        0.0000        0.0000
  37841.0000  08/08/2003        0.0000        0.0000        0.0000        0.0000        0.0000        0.0000
  37842.0000  08/09/2003      125.4278      101.8562       24.6975        0.0000        0.0000       24.6975
  37843.0000  08/10/2003        0.0000        0.0005        0.0001        0.0000        0.0000        0.0001
  37844.0000  08/11/2003        0.0000        0.0000        0.0001        0.0000        0.0000        0.0001
  37845.0000  08/12/2003        0.0000        0.0000        0.0001        0.0000        0.0000        0.0001
  37846.0000  08/13/2003        0.0000        0.0000        0.0001        0.0000        0.0000        0.0001
  37847.0000  08/14/2003      133.5218      107.7830       33.7871        0.0000        0.0000       33.7871
  37848.0000  08/15/2003        0.0000        0.0000        0.0000        0.0000        0.0000        0.0000
  37849.0000  08/16/2003        0.0000        0.0000        0.0000        0.0000        0.0000        0.0000
  37850.0000  08/17/2003        0.0000        0.0000        0.0000        0.0000        0.0000        0.0000
  37851.0000  08/18/2003        0.0000        0.0000        0.0000        0.0000        0.0000        0.0000
  37852.0000  08/19/2003       57.3640       57.2733        0.0000        0.0000        0.0000        0.0000
  37853.0000  08/20/2003      110.3505      103.6740        7.6597        0.0000        0.0000        7.6597
  37854.0000  08/21/2003       32.3346       32.3214        0.0000        0.0000        0.0000        0.0000
  37855.0000  08/22/2003        0.0000        0.0000        0.0000        0.0000        0.0000        0.0000
  37856.0000  08/23/2003        0.0000        0.0000        0.0000        0.0000        0.0000        0.0000
  37857.0000  08/24/2003        0.0000        0.0000        0.0000        0.0000        0.0000        0.0000
  37858.0000  08/25/2003        0.0000        0.0000        0.0000        0.0000        0.0000        0.0000
  37859.0000  08/26/2003        0.0000        0.0000        0.0000        0.0000        0.0000        0.0000
  37860.0000  08/27/2003        0.0000        0.0000        0.0000        0.0000        0.0000        0.0000
  37861.0000  08/28/2003        0.0000        0.0005        0.0000        0.0000        0.0000        0.0000
  37862.0000  08/29/2003        0.0000        0.0000        0.0000        0.0000        0.0000        0.0000
  37863.0000  08/30/2003        0.0000        0.0028        0.0000        0.0000        0.0000        0.0000
  37864.0000  08/31/2003        0.0000        0.0000        0.0000        0.0000        0.0000        0.0000
  37865.0000  09/01/2003      135.3967      135.2811        0.3991        0.0000        0.0000        0.3991
  37866.0000  09/02/2003        0.0000        0.0002        0.0000        0.0000        0.0000        0.0000
  37867.0000  09/03/2003        0.0000        0.0000        0.0000        0.0000        0.0000        0.0000
  37868.0000  09/04/2003        0.0000        0.0002        0.0000        0.0000        0.0000        0.0000
