                time                Date            Rainfall       Inifiltration          Runoff@end        WaterStorage       LeftDischarge      RightDischarge
  38443.0000  04/01/2005        0.0000        0.0000        0.0000        0.0000        0.0000        0.0000
  38444.0000  04/02/2005        0.0000        0.0000        0.0000        0.0000        0.0000        0.0000
  38445.0000  04/03/2005        0.0000        0.0000        0.0000        0.0000        0.0000        0.0000
  38446.0000  04/04/2005        0.0000        0.0000        0.0000        0.0000        0.0000        0.0000
  38447.0000  04/05/2005        0.0000        0.0000        0.0000        0.0000        0.0000        0.0000
  38448.0000  04/06/2005        0.0000        0.0000        0.0000        0.0000        0.0000        0.0000
  38449.0000  04/07/2005       10.5372        9.2326        0.0000        0.0000        0.0000        0.0000
  38450.0000  04/08/2005        0.0000        0.0000        0.0000        0.0000        0.0000        0.0000
  38451.0000  04/09/2005        0.0000        0.0007        0.0000        0.0000        0.0000        0.0000
  38452.0000  04/10/2005        0.0000        0.0000        0.0000        0.0000        0.0000        0.0000
  38453.0000  04/11/2005       16.9392        7.1235        0.0000        0.0000        0.0000        0.0000
  38454.0000  04/12/2005      102.8095      101.9215        0.0000        0.0000        0.0000        0.0000
  38455.0000  04/13/2005       51.4350       48.5712        0.0000        0.0000        0.0000        0.0000
  38456.0000  04/14/2005        0.0000        0.0000        0.0000        0.0000        0.0000        0.0000
  38457.0000  04/15/2005        0.0000        0.0000        0.0000        0.0000        0.0000        0.0000
  38458.0000  04/16/2005        0.0000        0.0000        0.0000        0.0000        0.0000        0.0000
  38459.0000  04/17/2005        0.9525        0.6131        0.0000        0.0000        0.0000        0.0000
  38460.0000  04/18/2005        0.0000        0.0000        0.0000        0.0000        0.0000        0.0000
  38461.0000  04/19/2005       20.1208       18.0593        0.0000        0.0000        0.0000        0.0000
  38462.0000  04/20/2005        0.0000        0.0000        0.0000        0.0000        0.0000        0.0000
  38463.0000  04/21/2005      104.2591        2.6677        0.0000        0.0000        0.0000        0.0000
  38464.0000  04/22/2005       12.3226       11.8925        0.0000        0.0000        0.0000        0.0000
  38465.0000  04/23/2005       18.4032       18.3027        0.0000        0.0000        0.0000        0.0000
  38466.0000  04/24/2005        0.0000        0.0000        0.0000        0.0000        0.0000        0.0000
  38467.0000  04/25/2005        0.0000        0.0000        0.0000        0.0000        0.0000        0.0000
  38468.0000  04/26/2005        0.0000        0.0000        0.0000        0.0000        0.0000        0.0000
  38469.0000  04/27/2005        0.0000        0.0000        0.0000        0.0000        0.0000        0.0000
  38470.0000  04/28/2005        0.0000        0.0000        0.0000        0.0000        0.0000        0.0000
  38471.0000  04/29/2005        0.0000        0.0000        0.0000        0.0000        0.0000        0.0000
  38472.0000  04/30/2005        0.0000        0.0000        0.0000        0.0000        0.0000        0.0000
  38473.0000  05/01/2005        0.0000        0.0000        0.0000        0.0000        0.0000        0.0000
  38474.0000  05/02/2005        0.0000        0.0000        0.0000        0.0000        0.0000        0.0000
  38475.0000  05/03/2005        0.0000        0.0000        0.0000        0.0000        0.0000        0.0000
  38476.0000  05/04/2005        0.0000        0.0000        0.0000        0.0000        0.0000        0.0000
  38477.0000  05/05/2005        0.0000        0.0000        0.0000        0.0000        0.0000        0.0000
  38478.0000  05/06/2005        0.0000        0.0000        0.0000        0.0000        0.0000        0.0000
  38479.0000  05/07/2005        0.0000        0.0000        0.0000        0.0000        0.0000        0.0000
  38480.0000  05/08/2005        0.0000        0.0000        0.0000        0.0000        0.0000        0.0000
  38481.0000  05/09/2005        0.0000        0.0000        0.0000        0.0000        0.0000        0.0000
  38482.0000  05/10/2005        0.0000        0.0000        0.0000        0.0000        0.0000        0.0000
  38483.0000  05/11/2005       62.2705        7.5604        0.0000        0.0000        0.0000        0.0000
  38484.0000  05/12/2005       88.7265       37.6800        0.0000        0.0000        0.0000        0.0000
  38485.0000  05/13/2005      101.1451       85.9785       26.9886        0.0000        0.0000       26.9886
  38486.0000  05/14/2005        0.0000        0.0000        0.0000        0.0000        0.0000        0.0000
  38487.0000  05/15/2005        0.0000        0.0000        0.0000        0.0000        0.0000        0.0000
  38488.0000  05/16/2005        0.0000        0.0002        0.0000        0.0000        0.0000        0.0000
  38489.0000  05/17/2005        0.0000        0.0000        0.0000        0.0000        0.0000        0.0000
  38490.0000  05/18/2005        0.9906        0.9172        0.0000        0.0000        0.0000        0.0000
  38491.0000  05/19/2005        4.1370        3.7817        0.0000        0.0000        0.0000        0.0000
  38492.0000  05/20/2005        0.0000        0.0000        0.0000        0.0000        0.0000        0.0000
  38493.0000  05/21/2005        0.0000        0.0000        0.0000        0.0000        0.0000        0.0000
  38494.0000  05/22/2005        0.0000        0.0000        0.0000        0.0000        0.0000        0.0000
  38495.0000  05/23/2005        0.0000        0.0000        0.0000        0.0000        0.0000        0.0000
  38496.0000  05/24/2005        0.0000        0.0000        0.0000        0.0000        0.0000        0.0000
  38497.0000  05/25/2005        0.0000        0.0000        0.0000        0.0000        0.0000        0.0000
  38498.0000  05/26/2005       28.6598       12.3052        0.0000        0.0000        0.0000        0.0000
  38499.0000  05/27/2005        0.9525        0.4623        0.0000        0.0000        0.0000        0.0000
  38500.0000  05/28/2005        0.0000        0.0000        0.0000        0.0000        0.0000        0.0000
  38501.0000  05/29/2005        0.0000        0.0000        0.0000        0.0000        0.0000        0.0000
  38502.0000  05/30/2005        7.5901        6.4342        0.0000        0.0000        0.0000        0.0000
  38503.0000  05/31/2005        0.0000        0.0000        0.0000        0.0000        0.0000        0.0000
  38504.0000  06/01/2005       67.3345       58.0757        0.0000        0.0000        0.0000        0.0000
  38505.0000  06/02/2005        6.6675        6.6508        0.0000        0.0000        0.0000        0.0000
  38506.0000  06/03/2005        0.0000        0.0000        0.0000        0.0000        0.0000        0.0000
  38507.0000  06/04/2005       61.9915       16.4301        0.0000        0.0000        0.0000        0.0000
  38508.0000  06/05/2005       66.8327       11.0892        0.0000        0.0000        0.0000        0.0000
  38509.0000  06/06/2005        1.4097        1.4038        0.0000        0.0000        0.0000        0.0000
  38510.0000  06/07/2005        0.0000        0.0000        0.0000        0.0000        0.0000        0.0000
  38511.0000  06/08/2005        0.0000        0.0000        0.0000        0.0000        0.0000        0.0000
  38512.0000  06/09/2005        0.0000        0.0000        0.0000        0.0000        0.0000        0.0000
  38513.0000  06/10/2005       59.2972       23.4654        0.0000        0.0000        0.0000        0.0000
  38514.0000  06/11/2005       21.5449       21.5297        0.0000        0.0000        0.0000        0.0000
  38515.0000  06/12/2005        4.7625        4.7568        0.0000        0.0000        0.0000        0.0000
  38516.0000  06/13/2005        0.0000        0.0001        0.0000        0.0000        0.0000        0.0000
  38517.0000  06/14/2005        0.0000        0.0000        0.0000        0.0000        0.0000        0.0000
  38518.0000  06/15/2005        0.0000        0.0000        0.0000        0.0000        0.0000        0.0000
  38519.0000  06/16/2005        0.0000        0.0000        0.0000        0.0000        0.0000        0.0000
  38520.0000  06/17/2005       53.1433        9.8309        0.0000        0.0000        0.0000        0.0000
  38521.0000  06/18/2005        0.0000        0.0000        0.0000        0.0000        0.0000        0.0000
  38522.0000  06/19/2005        0.0000        0.0000        0.0000        0.0000        0.0000        0.0000
  38523.0000  06/20/2005        0.0000        0.0000        0.0000        0.0000        0.0000        0.0000
  38524.0000  06/21/2005        0.0000        0.0000        0.0000        0.0000        0.0000        0.0000
  38525.0000  06/22/2005        0.7647        0.7504        0.0000        0.0000        0.0000        0.0000
  38526.0000  06/23/2005        0.0000        0.0000        0.0000        0.0000        0.0000        0.0000
  38527.0000  06/24/2005        0.0000        0.0000        0.0000        0.0000        0.0000        0.0000
  38528.0000  06/25/2005        0.0000        0.0000        0.0000        0.0000        0.0000        0.0000
  38529.0000  06/26/2005        3.7875        3.5938        0.0000        0.0000        0.0000        0.0000
  38530.0000  06/27/2005       91.4055        9.3899        0.0000        0.0000        0.0000        0.0000
  38531.0000  06/28/2005       21.2111        9.1322        0.0000        0.0000        0.0000        0.0000
  38532.0000  06/29/2005        0.0000        0.0000        0.0000        0.0000        0.0000        0.0000
  38533.0000  06/30/2005        0.7647        0.7333        0.0000        0.0000        0.0000        0.0000
  38534.0000  07/01/2005        0.0000        0.0000        0.0000        0.0000        0.0000        0.0000
  38535.0000  07/02/2005      117.1102       10.7085        0.0000        0.0000        0.0000        0.0000
  38536.0000  07/03/2005        1.9050        1.9036        0.0000        0.0000        0.0000        0.0000
  38537.0000  07/04/2005        0.0000        0.0000        0.0000        0.0000        0.0000        0.0000
  38538.0000  07/05/2005        0.0000        0.0000        0.0000        0.0000        0.0000        0.0000
  38539.0000  07/06/2005        0.0000        0.0000        0.0000        0.0000        0.0000        0.0000
  38540.0000  07/07/2005       52.6810        5.7669        0.0000        0.0000        0.0000        0.0000
  38541.0000  07/08/2005        0.0000        0.0000        0.0000        0.0000        0.0000        0.0000
  38542.0000  07/09/2005        0.0000        0.0000        0.0000        0.0000        0.0000        0.0000
  38543.0000  07/10/2005        0.0000        0.0000        0.0000        0.0000        0.0000        0.0000
  38544.0000  07/11/2005      121.1444       18.2498        0.0000        0.0000        0.0000        0.0000
  38545.0000  07/12/2005        0.0000        0.0000        0.0000        0.0000        0.0000        0.0000
  38546.0000  07/13/2005        6.3845        6.2062        0.0000        0.0000        0.0000        0.0000
  38547.0000  07/14/2005        0.0000        0.0000        0.0000        0.0000        0.0000        0.0000
  38548.0000  07/15/2005        0.0000        0.0000        0.0000        0.0000        0.0000        0.0000
  38549.0000  07/16/2005      117.7340       10.3286        0.0000        0.0000        0.0000        0.0000
  38550.0000  07/17/2005        0.0000        0.0000        0.0000        0.0000        0.0000        0.0000
  38551.0000  07/18/2005       82.9305       20.0611        0.0000        0.0000        0.0000        0.0000
  38552.0000  07/19/2005        2.4765        2.4853        0.0000        0.0000        0.0000        0.0000
  38553.0000  07/20/2005        0.0000        0.0000        0.0000        0.0000        0.0000        0.0000
  38554.0000  07/21/2005      106.2659       13.6155        0.0000        0.0000        0.0000        0.0000
  38555.0000  07/22/2005        0.0000        0.0000        0.0000        0.0000        0.0000        0.0000
  38556.0000  07/23/2005        0.0000        0.0000        0.0000        0.0000        0.0000        0.0000
  38557.0000  07/24/2005        0.0000        0.0000        0.0000        0.0000        0.0000        0.0000
  38558.0000  07/25/2005        1.4859        1.4824        0.0000        0.0000        0.0000        0.0000
  38559.0000  07/26/2005      380.9216      187.3771       96.5447        0.0011        0.0000       96.5447
  38560.0000  07/27/2005       16.5735       16.5651        0.0000        0.0000        0.0000        0.0000
  38561.0000  07/28/2005        0.0000        0.0005        0.0000        0.0000        0.0000        0.0000
  38562.0000  07/29/2005        0.0000        0.0000        0.0000        0.0000        0.0000        0.0000
  38563.0000  07/30/2005        0.0000        0.0000        0.0000        0.0000        0.0000        0.0000
  38564.0000  07/31/2005        0.0000        0.0000        0.0000        0.0000        0.0000        0.0000
  38565.0000  08/01/2005        0.0000        0.0000        0.0000        0.0000        0.0000        0.0000
  38566.0000  08/02/2005        0.0000        0.0000        0.0000        0.0000        0.0000        0.0000
  38567.0000  08/03/2005        0.0000        0.0000        0.0000        0.0000        0.0000        0.0000
  38568.0000  08/04/2005        0.0000        0.0000        0.0000        0.0000        0.0000        0.0000
  38569.0000  08/05/2005        0.4763        0.4627        0.0000        0.0000        0.0000        0.0000
  38570.0000  08/06/2005      127.9722       22.1252        0.0000        0.0000        0.0000        0.0000
  38571.0000  08/07/2005        0.0000        0.0000        0.0000        0.0000        0.0000        0.0000
  38572.0000  08/08/2005        0.0000        0.0000        0.0000        0.0000        0.0000        0.0000
  38573.0000  08/09/2005        0.0000        0.0000        0.0000        0.0000        0.0000        0.0000
  38574.0000  08/10/2005        0.0000        0.0000        0.0000        0.0000        0.0000        0.0000
  38575.0000  08/11/2005       65.4270        5.6861        0.0000        0.0000        0.0000        0.0000
  38576.0000  08/12/2005        0.0000        0.0002        0.0000        0.0000        0.0000        0.0000
  38577.0000  08/13/2005        0.0000        0.0006        0.0000        0.0000        0.0000        0.0000
  38578.0000  08/14/2005        0.9525        0.8737        0.0000        0.0000        0.0000        0.0000
  38579.0000  08/15/2005        0.0000        0.0000        0.0000        0.0000        0.0000        0.0000
  38580.0000  08/16/2005        0.0000        0.0000        0.0000        0.0000        0.0000        0.0000
  38581.0000  08/17/2005        0.0000        0.0000        0.0000        0.0000        0.0000        0.0000
  38582.0000  08/18/2005        0.9525        0.7231        0.0000        0.0000        0.0000        0.0000
  38583.0000  08/19/2005        0.0000        0.0000        0.0000        0.0000        0.0000        0.0000
  38584.0000  08/20/2005        0.0000        0.0001        0.0000        0.0000        0.0000        0.0000
  38585.0000  08/21/2005      121.7233        1.7171        0.0000        0.0000        0.0000        0.0000
  38586.0000  08/22/2005        0.0000        0.0000        0.0000        0.0000        0.0000        0.0000
  38587.0000  08/23/2005        0.0000        0.0000        0.0000        0.0000        0.0000        0.0000
  38588.0000  08/24/2005        0.0000        0.0000        0.0000        0.0000        0.0000        0.0000
  38589.0000  08/25/2005        0.0000        0.0000        0.0000        0.0000        0.0000        0.0000
  38590.0000  08/26/2005        0.0000        0.0000        0.0000        0.0000        0.0000        0.0000
  38591.0000  08/27/2005       15.5026       15.4905        0.0000        0.0000        0.0000        0.0000
  38592.0000  08/28/2005        0.7647        0.7336        0.0000        0.0000        0.0000        0.0000
  38593.0000  08/29/2005        0.0000        0.0000        0.0000        0.0000        0.0000        0.0000
  38594.0000  08/30/2005       96.8526        1.8204        0.0000        0.0000        0.0000        0.0000
  38595.0000  08/31/2005        0.0000        0.0000        0.0000        0.0000        0.0000        0.0000
  38596.0000  09/01/2005        0.0000        0.0000        0.0000        0.0000        0.0000        0.0000
  38597.0000  09/02/2005        0.0000        0.0000        0.0000        0.0000        0.0000        0.0000
  38598.0000  09/03/2005        0.0000        0.0000        0.0000        0.0000        0.0000        0.0000
  38599.0000  09/04/2005        0.0000        0.0000        0.0000        0.0000        0.0000        0.0000
  38600.0000  09/05/2005        0.0000        0.0000        0.0000        0.0000        0.0000        0.0000
  38601.0000  09/06/2005       17.6005       16.5799        0.0000        0.0000        0.0000        0.0000
  38602.0000  09/07/2005        0.0000        0.0000        0.0000        0.0000        0.0000        0.0000
